0 info it worked if it ends with ok
1 verbose cli [ '/usr/local/bin/node',
1 verbose cli   '/usr/local/bin/npm',
1 verbose cli   'install',
1 verbose cli   '-g',
1 verbose cli   'moment' ]
2 info using npm@3.10.10
3 info using node@v7.2.1
4 silly loadCurrentTree Starting
5 silly install loadCurrentTree
6 silly install readGlobalPackageData
7 silly fetchPackageMetaData moment
8 silly fetchNamedPackageData moment
9 silly mapToRegistry name moment
10 silly mapToRegistry using default registry
11 silly mapToRegistry registry https://registry.npmjs.org/
12 silly mapToRegistry data Result {
12 silly mapToRegistry   raw: 'moment',
12 silly mapToRegistry   scope: null,
12 silly mapToRegistry   escapedName: 'moment',
12 silly mapToRegistry   name: 'moment',
12 silly mapToRegistry   rawSpec: '',
12 silly mapToRegistry   spec: 'latest',
12 silly mapToRegistry   type: 'tag' }
13 silly mapToRegistry uri https://registry.npmjs.org/moment
14 verbose request uri https://registry.npmjs.org/moment
15 verbose request no auth needed
16 info attempt registry request try #1 at 11:59:20 PM
17 verbose request id fbcdd06e98cc0744
18 verbose etag W/"58e3dcf1-1bd4e"
19 verbose lastModified Tue, 04 Apr 2017 17:50:41 GMT
20 http request GET https://registry.npmjs.org/moment
21 http 200 https://registry.npmjs.org/moment
22 verbose headers { server: 'nginx/1.10.1',
22 verbose headers   'content-type': 'application/json',
22 verbose headers   'last-modified': 'Thu, 20 Apr 2017 18:05:37 GMT',
22 verbose headers   etag: 'W/"58f8f871-1be6c"',
22 verbose headers   'content-encoding': 'gzip',
22 verbose headers   'cache-control': 'max-age=300',
22 verbose headers   'content-length': '12540',
22 verbose headers   'accept-ranges': 'bytes',
22 verbose headers   date: 'Fri, 21 Apr 2017 06:59:20 GMT',
22 verbose headers   via: '1.1 varnish',
22 verbose headers   age: '68',
22 verbose headers   connection: 'keep-alive',
22 verbose headers   'x-served-by': 'cache-sjc3622-SJC',
22 verbose headers   'x-cache': 'HIT',
22 verbose headers   'x-cache-hits': '1',
22 verbose headers   'x-timer': 'S1492757961.839871,VS0,VE1',
22 verbose headers   vary: 'Accept-Encoding' }
23 silly get cb [ 200,
23 silly get   { server: 'nginx/1.10.1',
23 silly get     'content-type': 'application/json',
23 silly get     'last-modified': 'Thu, 20 Apr 2017 18:05:37 GMT',
23 silly get     etag: 'W/"58f8f871-1be6c"',
23 silly get     'content-encoding': 'gzip',
23 silly get     'cache-control': 'max-age=300',
23 silly get     'content-length': '12540',
23 silly get     'accept-ranges': 'bytes',
23 silly get     date: 'Fri, 21 Apr 2017 06:59:20 GMT',
23 silly get     via: '1.1 varnish',
23 silly get     age: '68',
23 silly get     connection: 'keep-alive',
23 silly get     'x-served-by': 'cache-sjc3622-SJC',
23 silly get     'x-cache': 'HIT',
23 silly get     'x-cache-hits': '1',
23 silly get     'x-timer': 'S1492757961.839871,VS0,VE1',
23 silly get     vary: 'Accept-Encoding' } ]
24 verbose get saving moment to /home/njvizzutti/.npm/registry.npmjs.org/moment/.cache.json
25 verbose correctMkdir /home/njvizzutti/.npm correctMkdir not in flight; initializing
26 silly install normalizeTree
27 silly loadCurrentTree Finishing
28 silly loadIdealTree Starting
29 silly install loadIdealTree
30 silly cloneCurrentTree Starting
31 silly install cloneCurrentTreeToIdealTree
32 silly cloneCurrentTree Finishing
33 silly loadShrinkwrap Starting
34 silly install loadShrinkwrap
35 silly loadShrinkwrap Finishing
36 silly loadAllDepsIntoIdealTree Starting
37 silly install loadAllDepsIntoIdealTree
38 silly resolveWithNewModule moment@2.18.1 checking installable status
39 silly cache add args [ 'moment', null ]
40 verbose cache add spec moment
41 silly cache add parsed spec Result {
41 silly cache add   raw: 'moment',
41 silly cache add   scope: null,
41 silly cache add   escapedName: 'moment',
41 silly cache add   name: 'moment',
41 silly cache add   rawSpec: '',
41 silly cache add   spec: 'latest',
41 silly cache add   type: 'tag' }
42 silly addNamed moment@latest
43 verbose addNamed "latest" is being treated as a dist-tag for moment
44 info addNameTag [ 'moment', 'latest' ]
45 silly mapToRegistry name moment
46 silly mapToRegistry using default registry
47 silly mapToRegistry registry https://registry.npmjs.org/
48 silly mapToRegistry data Result {
48 silly mapToRegistry   raw: 'moment',
48 silly mapToRegistry   scope: null,
48 silly mapToRegistry   escapedName: 'moment',
48 silly mapToRegistry   name: 'moment',
48 silly mapToRegistry   rawSpec: '',
48 silly mapToRegistry   spec: 'latest',
48 silly mapToRegistry   type: 'tag' }
49 silly mapToRegistry uri https://registry.npmjs.org/moment
50 verbose addNameTag registry:https://registry.npmjs.org/moment not in flight; fetching
51 verbose get https://registry.npmjs.org/moment not expired, no request
52 silly addNameTag next cb for moment with tag latest
53 silly addNamed moment@2.18.1
54 verbose addNamed "2.18.1" is a plain semver version for moment
55 silly cache afterAdd moment@2.18.1
56 verbose afterAdd /home/njvizzutti/.npm/moment/2.18.1/package/package.json not in flight; writing
57 verbose correctMkdir /home/njvizzutti/.npm correctMkdir not in flight; initializing
58 verbose afterAdd /home/njvizzutti/.npm/moment/2.18.1/package/package.json written
59 silly loadAllDepsIntoIdealTree Finishing
60 silly loadIdealTree Finishing
61 silly currentTree lib
62 silly idealTree lib
62 silly idealTree └── moment@2.18.1
63 silly generateActionsToTake Starting
64 silly install generateActionsToTake
65 warn checkPermissions Missing write access to /usr/local/lib/node_modules
66 silly rollbackFailedOptional Starting
67 silly rollbackFailedOptional Finishing
68 silly runTopLevelLifecycles Finishing
69 silly install printInstalled
70 verbose stack Error: EACCES: permission denied, access '/usr/local/lib/node_modules'
71 verbose cwd /home/njvizzutti/Documents/Portfolio
72 error Linux 4.4.0-72-generic
73 error argv "/usr/local/bin/node" "/usr/local/bin/npm" "install" "-g" "moment"
74 error node v7.2.1
75 error npm  v3.10.10
76 error path /usr/local/lib/node_modules
77 error code EACCES
78 error errno -13
79 error syscall access
80 error Error: EACCES: permission denied, access '/usr/local/lib/node_modules'
80 error  { Error: EACCES: permission denied, access '/usr/local/lib/node_modules'
80 error   errno: -13,
80 error   code: 'EACCES',
80 error   syscall: 'access',
80 error   path: '/usr/local/lib/node_modules' }
81 error Please try running this command again as root/Administrator.
82 verbose exit [ -13, true ]
